[     385ms] [INFO] %cDownload the React DevTools for a better development experience: https://react.dev/link/react-devtools font-weight:bold @ http://127.0.0.1:3001/_next/static/chunks/node_modules_next_dist_115brz8._.js:2431
[     396ms] [LOG] [HMR] connected @ http://127.0.0.1:3001/_next/static/chunks/node_modules_next_dist_115brz8._.js:2431
[     471ms] [ERROR] A tree hydrated but some attributes of the server rendered HTML didn't match the client properties. This won't be patched up. This can happen if a SSR-ed Client Component used:

- A server/client branch `if (typeof window !== 'undefined')`.
- Variable input such as `Date.now()` or `Math.random()` which changes each time it's called.
- Date formatting in a user's locale which doesn't match the server.
- External changing data without sending a snapshot of it along with the HTML.
- Invalid HTML tag nesting.

It can also happen if the client has a browser extension installed which messes with the HTML before React loaded.

%s%s https://react.dev/link/hydration-mismatch 

  ...
    <HotReload globalError={[...]} webSocket={WebSocket} staticIndicatorState={{pathname:null, ...}}>
      <AppDevOverlayErrorBoundary globalError={[...]}>
        <ReplaySsrOnlyErrors>
        <DevRootHTTPAccessFallbackBoundary>
          <HTTPAccessFallbackBoundary notFound={<NotAllowedRootHTTPFallbackError>}>
            <HTTPAccessFallbackErrorBoundary pathname="/blog/hell..." notFound={<NotAllowedRootHTTPFallbackError>} ...>
              <RedirectBoundary>
                <RedirectErrorBoundary router={{...}}>
                  <Head>
                  <__next_root_layout_boundary__>
                    <SegmentViewNode type="layout" pagePath="layout.tsx">
                      <SegmentTrieNode>
                      <link>
                      <script>
                      <script>
                      <script>
                      <script>
                      <script>
                      <script>
                      <script>
                      <script>
                      <RootLayout>
                        <html
                          lang="en"
                          className="geist_a71539c9-module__T19VSG__variable geist_mono_8d43a2aa-module__8Li5zG__varia..."
                          data-mbp-color-scheme="dark"
-                         data-joy-color-scheme="dark"
                        >
                  ...
 @ http://127.0.0.1:3001/_next/static/chunks/node_modules_next_dist_115brz8._.js:3272
[   60028ms] [LOG] [Fast Refresh] rebuilding @ http://127.0.0.1:3001/_next/static/chunks/node_modules_next_dist_115brz8._.js:2431
[   60093ms] [LOG] [Fast Refresh] done in 17ms @ http://127.0.0.1:3001/_next/static/chunks/node_modules_next_dist_115brz8._.js:2431
